[2026-01-13T22:47:30.676+0000] {taskinstance.py:1157} INFO - Dependencies all met for dep_context=non-requeueable deps ti=<TaskInstance: elt_pipeline.dbt_transform scheduled__2026-01-12T00:00:00+00:00 [queued]>
[2026-01-13T22:47:30.691+0000] {taskinstance.py:1157} INFO - Dependencies all met for dep_context=requeueable deps ti=<TaskInstance: elt_pipeline.dbt_transform scheduled__2026-01-12T00:00:00+00:00 [queued]>
[2026-01-13T22:47:30.692+0000] {taskinstance.py:1359} INFO - Starting attempt 1 of 2
[2026-01-13T22:47:30.704+0000] {taskinstance.py:1380} INFO - Executing <Task(BashOperator): dbt_transform> on 2026-01-12 00:00:00+00:00
[2026-01-13T22:47:30.718+0000] {standard_task_runner.py:84} INFO - Running: ['***', 'tasks', 'run', 'elt_pipeline', 'dbt_transform', 'scheduled__2026-01-12T00:00:00+00:00', '--job-id', '4', '--raw', '--subdir', 'DAGS_FOLDER/elt_dag.py', '--cfg-path', '/tmp/tmpdietkfi0']
[2026-01-13T22:47:30.722+0000] {standard_task_runner.py:85} INFO - Job 4: Subtask dbt_transform
[2026-01-13T22:47:30.715+0000] {standard_task_runner.py:57} INFO - Started process 228 to run task
[2026-01-13T22:47:30.853+0000] {task_command.py:415} INFO - Running <TaskInstance: elt_pipeline.dbt_transform scheduled__2026-01-12T00:00:00+00:00 [running]> on host a0b15e5a7c08
[2026-01-13T22:47:30.953+0000] {taskinstance.py:1660} INFO - Exporting env vars: AIRFLOW_CTX_DAG_OWNER='***' AIRFLOW_CTX_DAG_ID='elt_pipeline' AIRFLOW_CTX_TASK_ID='dbt_transform' AIRFLOW_CTX_EXECUTION_DATE='2026-01-12T00:00:00+00:00' AIRFLOW_CTX_TRY_NUMBER='1' AIRFLOW_CTX_DAG_RUN_ID='scheduled__2026-01-12T00:00:00+00:00'
[2026-01-13T22:47:30.954+0000] {subprocess.py:63} INFO - Tmp dir root location: /tmp
[2026-01-13T22:47:30.957+0000] {subprocess.py:75} INFO - Running command: ['/bin/bash', '-c', 'cd /opt/***/dbt && dbt run --profiles-dir /opt/***/.dbt']
[2026-01-13T22:47:31.002+0000] {subprocess.py:86} INFO - Output:
[2026-01-13T22:47:34.954+0000] {subprocess.py:93} INFO - [0m22:47:34  Running with dbt=1.8.7
[2026-01-13T22:47:34.958+0000] {subprocess.py:93} INFO - [0m22:47:34  Encountered an error:
[2026-01-13T22:47:34.958+0000] {subprocess.py:93} INFO - Runtime Error
[2026-01-13T22:47:34.959+0000] {subprocess.py:93} INFO -   No dbt_project.yml found at expected path /opt/***/dbt/dbt_project.yml
[2026-01-13T22:47:34.960+0000] {subprocess.py:93} INFO -   Verify that each entry within packages.yml (and their transitive dependencies) contains a file named dbt_project.yml
[2026-01-13T22:47:34.960+0000] {subprocess.py:93} INFO - 
[2026-01-13T22:47:35.722+0000] {subprocess.py:97} INFO - Command exited with return code 2
[2026-01-13T22:47:35.748+0000] {taskinstance.py:1935} ERROR - Task failed with exception
Traceback (most recent call last):
  File "/home/airflow/.local/lib/python3.8/site-packages/airflow/operators/bash.py", line 210, in execute
    raise AirflowException(
airflow.exceptions.AirflowException: Bash command failed. The command returned a non-zero exit code 2.
[2026-01-13T22:47:35.762+0000] {taskinstance.py:1398} INFO - Marking task as UP_FOR_RETRY. dag_id=elt_pipeline, task_id=dbt_transform, execution_date=20260112T000000, start_date=20260113T224730, end_date=20260113T224735
[2026-01-13T22:47:35.780+0000] {standard_task_runner.py:104} ERROR - Failed to execute job 4 for task dbt_transform (Bash command failed. The command returned a non-zero exit code 2.; 228)
[2026-01-13T22:47:35.791+0000] {local_task_job_runner.py:228} INFO - Task exited with return code 1
[2026-01-13T22:47:35.818+0000] {taskinstance.py:2776} INFO - 0 downstream tasks scheduled from follow-on schedule check
[2026-01-13T22:53:24.720+0000] {taskinstance.py:1157} INFO - Dependencies all met for dep_context=non-requeueable deps ti=<TaskInstance: elt_pipeline.dbt_transform scheduled__2026-01-12T00:00:00+00:00 [queued]>
[2026-01-13T22:53:24.724+0000] {taskinstance.py:1157} INFO - Dependencies all met for dep_context=requeueable deps ti=<TaskInstance: elt_pipeline.dbt_transform scheduled__2026-01-12T00:00:00+00:00 [queued]>
[2026-01-13T22:53:24.725+0000] {taskinstance.py:1359} INFO - Starting attempt 1 of 2
[2026-01-13T22:53:24.734+0000] {taskinstance.py:1380} INFO - Executing <Task(BashOperator): dbt_transform> on 2026-01-12 00:00:00+00:00
[2026-01-13T22:53:24.738+0000] {standard_task_runner.py:57} INFO - Started process 227 to run task
[2026-01-13T22:53:24.739+0000] {standard_task_runner.py:84} INFO - Running: ['***', 'tasks', 'run', 'elt_pipeline', 'dbt_transform', 'scheduled__2026-01-12T00:00:00+00:00', '--job-id', '4', '--raw', '--subdir', 'DAGS_FOLDER/elt_dag.py', '--cfg-path', '/tmp/tmpo3_f1e1j']
[2026-01-13T22:53:24.741+0000] {standard_task_runner.py:85} INFO - Job 4: Subtask dbt_transform
[2026-01-13T22:53:24.766+0000] {task_command.py:415} INFO - Running <TaskInstance: elt_pipeline.dbt_transform scheduled__2026-01-12T00:00:00+00:00 [running]> on host 07de0157d9c2
[2026-01-13T22:53:24.802+0000] {taskinstance.py:1660} INFO - Exporting env vars: AIRFLOW_CTX_DAG_OWNER='***' AIRFLOW_CTX_DAG_ID='elt_pipeline' AIRFLOW_CTX_TASK_ID='dbt_transform' AIRFLOW_CTX_EXECUTION_DATE='2026-01-12T00:00:00+00:00' AIRFLOW_CTX_TRY_NUMBER='1' AIRFLOW_CTX_DAG_RUN_ID='scheduled__2026-01-12T00:00:00+00:00'
[2026-01-13T22:53:24.803+0000] {subprocess.py:63} INFO - Tmp dir root location: /tmp
[2026-01-13T22:53:24.807+0000] {subprocess.py:75} INFO - Running command: ['/bin/bash', '-c', 'cd /opt/***/dbt && dbt run --profiles-dir /opt/***/.dbt']
[2026-01-13T22:53:24.811+0000] {subprocess.py:86} INFO - Output:
[2026-01-13T22:53:27.852+0000] {subprocess.py:93} INFO - [0m22:53:27  Running with dbt=1.8.7
[2026-01-13T22:53:30.315+0000] {subprocess.py:93} INFO - [0m22:53:30  Registered adapter: snowflake=1.8.4
[2026-01-13T22:53:30.513+0000] {subprocess.py:93} INFO - [0m22:53:30  Unable to do partial parsing because of a version mismatch
[2026-01-13T22:53:31.314+0000] {subprocess.py:93} INFO - [0m22:53:31  [[33mWARNING[0m]: Deprecated functionality
[2026-01-13T22:53:31.315+0000] {subprocess.py:93} INFO - The `tests` config has been renamed to `data_tests`. Please see
[2026-01-13T22:53:31.315+0000] {subprocess.py:93} INFO - https://docs.getdbt.com/docs/build/data-tests#new-data_tests-syntax for more
[2026-01-13T22:53:31.315+0000] {subprocess.py:93} INFO - information.
[2026-01-13T22:53:31.468+0000] {subprocess.py:93} INFO - [0m22:53:31  [[33mWARNING[0m]: Configuration paths exist in your dbt_project.yml file which do not apply to any resources.
[2026-01-13T22:53:31.468+0000] {subprocess.py:93} INFO - There are 1 unused configuration paths:
[2026-01-13T22:53:31.468+0000] {subprocess.py:93} INFO - - models.my_pipeline.example
[2026-01-13T22:53:31.685+0000] {subprocess.py:93} INFO - [0m22:53:31  Found 2 models, 3 data tests, 1 source, 454 macros
[2026-01-13T22:53:31.698+0000] {subprocess.py:93} INFO - [0m22:53:31
[2026-01-13T22:53:37.152+0000] {subprocess.py:93} INFO - [0m22:53:37  Concurrency: 1 threads (target='dev')
[2026-01-13T22:53:37.155+0000] {subprocess.py:93} INFO - [0m22:53:37
[2026-01-13T22:53:37.172+0000] {subprocess.py:93} INFO - [0m22:53:37  1 of 2 START sql view model ANALYTICS.stg_commits .............................. [RUN]
[2026-01-13T22:53:38.527+0000] {subprocess.py:93} INFO - [0m22:53:38  1 of 2 OK created sql view model ANALYTICS.stg_commits ......................... [[32mSUCCESS 1[0m in 1.35s]
[2026-01-13T22:53:38.531+0000] {subprocess.py:93} INFO - [0m22:53:38  2 of 2 START sql table model ANALYTICS.fact_commits ............................ [RUN]
[2026-01-13T22:53:40.618+0000] {subprocess.py:93} INFO - [0m22:53:40  2 of 2 OK created sql table model ANALYTICS.fact_commits ....................... [[32mSUCCESS 1[0m in 2.08s]
[2026-01-13T22:53:40.624+0000] {subprocess.py:93} INFO - [0m22:53:40
[2026-01-13T22:53:40.625+0000] {subprocess.py:93} INFO - [0m22:53:40  Finished running 1 view model, 1 table model in 0 hours 0 minutes and 8.92 seconds (8.92s).
[2026-01-13T22:53:40.672+0000] {subprocess.py:93} INFO - [0m22:53:40
[2026-01-13T22:53:40.673+0000] {subprocess.py:93} INFO - [0m22:53:40  [32mCompleted successfully[0m
[2026-01-13T22:53:40.673+0000] {subprocess.py:93} INFO - [0m22:53:40
[2026-01-13T22:53:40.674+0000] {subprocess.py:93} INFO - [0m22:53:40  Done. PASS=2 WARN=0 ERROR=0 SKIP=0 TOTAL=2
[2026-01-13T22:53:41.459+0000] {subprocess.py:97} INFO - Command exited with return code 0
[2026-01-13T22:53:41.500+0000] {taskinstance.py:1398} INFO - Marking task as SUCCESS. dag_id=elt_pipeline, task_id=dbt_transform, execution_date=20260112T000000, start_date=20260113T225324, end_date=20260113T225341
[2026-01-13T22:53:41.544+0000] {local_task_job_runner.py:228} INFO - Task exited with return code 0
[2026-01-13T22:53:41.565+0000] {taskinstance.py:2776} INFO - 1 downstream tasks scheduled from follow-on schedule check
